<?xml version="1.0" encoding="UTF-8"?>
<!-- Generated by org.testng.reporters.JUnitXMLReporter -->
<testsuite hostname="Chetan-QA" ignored="0" name="Test" tests="1" failures="0" timestamp="15 Jan 2020 17:52:34 GMT" time="36.543" errors="0">
  <testcase name="@AfterMethod Postcondition" time="0.884" classname="com.actitime.generic.baselib">
    <failure type="java.lang.NoClassDefFoundError" message="com/sun/mail/util/MailLogger">
      <![CDATA[java.lang.NoClassDefFoundError: com/sun/mail/util/MailLogger
at javax.mail.Session.initLogger(Session.java:283)
at javax.mail.Session.<init>(Session.java:268)
at javax.mail.Session.getDefaultInstance(Session.java:378)
at com.actitime.emailreport.emailreport.main(emailreport.java:44)
at com.actitime.generic.baselib.Postcondition(baselib.java:35)
Caused by: java.lang.ClassNotFoundException: com.sun.mail.util.MailLogger
at java.net.URLClassLoader.findClass(Unknown Source)
at java.lang.ClassLoader.loadClass(Unknown Source)
at sun.misc.Launcher$AppClassLoader.loadClass(Unknown Source)
at java.lang.ClassLoader.loadClass(Unknown Source)
... 33 more
... Removed 28 stack frames]]>
    </failure>
  </testcase> <!-- @AfterMethod Postcondition -->
  <testcase name="validlogin" time="22.919" classname="com.actitime.scripts.Logintest"/>
</testsuite> <!-- Test -->
