<?xml version="1.0" encoding="UTF-8"?>
<testng-results skipped="0" failed="0" ignored="0" total="1" passed="1">
  <reporter-output>
    <line>
      <![CDATA[suite execution startSun Jan 12 22:40:13 IST 2020]]>
    </line>
    <line>
      <![CDATA[chrome browser launched]]>
    </line>
    <line>
      <![CDATA[url is launched]]>
    </line>
    <line>
      <![CDATA[validlogin script execution start Sun Jan 12 22:40:25 IST 2020]]>
    </line>
    <line>
      <![CDATA[Home page is verified]]>
    </line>
    <line>
      <![CDATA[validlogin script passed]]>
    </line>
    <line>
      <![CDATA[Browser closed]]>
    </line>
  </reporter-output>
  <suite name="Suite" duration-ms="35004" started-at="2020-01-12T17:10:13Z" finished-at="2020-01-12T17:10:48Z">
    <groups>
    </groups>
    <test name="Test" duration-ms="35004" started-at="2020-01-12T17:10:13Z" finished-at="2020-01-12T17:10:48Z">
      <class name="com.actitime.scripts.Logintest">
        <test-method status="PASS" signature="precondition(java.lang.String, java.lang.String)[pri:0, instance:com.actitime.scripts.Logintest@39c0f4a]" name="precondition" is-config="true" duration-ms="12339" started-at="2020-01-12T17:10:13Z" finished-at="2020-01-12T17:10:25Z">
          <params>
            <param index="0">
              <value>
                <![CDATA[chrome]]>
              </value>
            </param>
            <param index="1">
              <value>
                <![CDATA[https://www.facebook.com/]]>
              </value>
            </param>
          </params>
          <reporter-output>
            <line>
              <![CDATA[chrome browser launched]]>
            </line>
            <line>
              <![CDATA[url is launched]]>
            </line>
          </reporter-output>
        </test-method> <!-- precondition -->
        <test-method status="PASS" signature="validlogin()[pri:0, instance:com.actitime.scripts.Logintest@39c0f4a]" name="validlogin" duration-ms="21900" started-at="2020-01-12T17:10:25Z" finished-at="2020-01-12T17:10:47Z">
          <reporter-output>
            <line>
              <![CDATA[validlogin script execution start Sun Jan 12 22:40:25 IST 2020]]>
            </line>
            <line>
              <![CDATA[Home page is verified]]>
            </line>
            <line>
              <![CDATA[validlogin script passed]]>
            </line>
          </reporter-output>
        </test-method> <!-- validlogin -->
        <test-method status="PASS" signature="Postcondition()[pri:0, instance:com.actitime.scripts.Logintest@39c0f4a]" name="Postcondition" is-config="true" duration-ms="735" started-at="2020-01-12T17:10:47Z" finished-at="2020-01-12T17:10:48Z">
          <reporter-output>
            <line>
              <![CDATA[Browser closed]]>
            </line>
          </reporter-output>
        </test-method> <!-- Postcondition -->
      </class> <!-- com.actitime.scripts.Logintest -->
    </test> <!-- Test -->
  </suite> <!-- Suite -->
</testng-results>
